<?xml version="1.0" encoding="UTF-8"?>
<testng-results skipped="0" failed="0" ignored="0" total="1" passed="1">
  <reporter-output>
  </reporter-output>
  <suite name="Default suite" duration-ms="54057" started-at="2023-02-23T02:12:03Z" finished-at="2023-02-23T02:12:57Z">
    <groups>
    </groups>
    <test name="Default test" duration-ms="54057" started-at="2023-02-23T02:12:03Z" finished-at="2023-02-23T02:12:57Z">
      <class name="seleniumgrid.GridEg1">
        <test-method status="PASS" signature="grid()[pri:0, instance:seleniumgrid.GridEg1@685cb137]" name="grid" duration-ms="53920" started-at="2023-02-23T07:42:03Z" finished-at="2023-02-23T07:42:57Z">
          <reporter-output>
          </reporter-output>
        </test-method> <!-- grid -->
      </class> <!-- seleniumgrid.GridEg1 -->
    </test> <!-- Default test -->
  </suite> <!-- Default suite -->
</testng-results>
