<?xml version="1.0" encoding="UTF-8"?>
<!-- Generated by org.testng.reporters.JUnitXMLReporter -->
<testsuite hostname="DESKTOP-ASB5QBL" ignored="4" name="Test" tests="2" failures="0" timestamp="18 Feb 2023 02:27:26 GMT" time="36.855" errors="0">
  <testcase name="orgEmpReg" time="5.937" classname="testNG.EmpRegTC"/>
  <testcase name="orgUserReg" time="15.136" classname="testNG.UserRegTC"/>
  <testcase name="@AfterTest orgLogout" time="0.0" classname="testNG.TestNGMaster">
    <ignored/>
  </testcase> <!-- @AfterTest orgLogout -->
  <testcase name="@AfterSuite orgClose" time="0.0" classname="testNG.TestNGMaster">
    <ignored/>
  </testcase> <!-- @AfterSuite orgClose -->
  <testcase name="@BeforeSuite orgLaunch" time="0.0" classname="testNG.TestNGMaster">
    <ignored/>
  </testcase> <!-- @BeforeSuite orgLaunch -->
  <testcase name="@BeforeTest orgLogin" time="0.0" classname="testNG.TestNGMaster">
    <ignored/>
  </testcase> <!-- @BeforeTest orgLogin -->
</testsuite> <!-- Test -->
